<?xml version="1.0" encoding="UTF-8"?>
<testng-results ignored="0" total="1" passed="1" failed="0" skipped="0">
  <reporter-output>
  </reporter-output>
  <suite started-at="2022-08-16T21:39:16 IST" name="Default suite" finished-at="2022-08-16T21:39:19 IST" duration-ms="2777">
    <groups>
    </groups>
    <test started-at="2022-08-16T21:39:16 IST" name="Default test" finished-at="2022-08-16T21:39:19 IST" duration-ms="2777">
      <class name="com.cast.jenkinsdemo1.CreateOrgTest">
        <test-method signature="createOrgTest()[pri:0, instance:com.cast.jenkinsdemo1.CreateOrgTest@6b8ca3c8]" started-at="2022-08-16T21:39:16 IST" name="createOrgTest" finished-at="2022-08-16T21:39:19 IST" duration-ms="2728" status="PASS">
          <reporter-output>
          </reporter-output>
        </test-method> <!-- createOrgTest -->
      </class> <!-- com.cast.jenkinsdemo1.CreateOrgTest -->
    </test> <!-- Default test -->
  </suite> <!-- Default suite -->
</testng-results>
